<?xml version="1.0" encoding="UTF-8"?>
<!-- Generated by org.testng.reporters.JUnitReportReporter -->
<testsuite hostname="Qaipos2" name="MyTestPac.Test1" tests="2" failures="0" timestamp="26 Sep 2015 03:38:43 GMT" time="92.714" errors="0">
  <testcase name="test1" time="85.753" classname="MyTestPac.Test1"/>
  <testcase name="test2" time="6.961" classname="MyTestPac.Test1"/>
</testsuite> <!-- MyTestPac.Test1 -->
