<?xml version="1.0" encoding="UTF-8"?>
<!-- Generated by org.testng.reporters.JUnitReportReporter -->
<testsuite hostname="Qaipos2" name="automationFramework.TestCase_TestNG" tests="1" failures="0" timestamp="9 Sep 2015 05:59:26 GMT" time="23.671" errors="0">
  <testcase name="test" time="23.671" classname="automationFramework.TestCase_TestNG"/>
</testsuite> <!-- automationFramework.TestCase_TestNG -->
