<?xml version="1.0" encoding="UTF-8"?>
<!-- Generated by org.testng.reporters.JUnitReportReporter -->
<testsuite hostname="Qaipos2" name="seleniumGrid.ParallelTesting" tests="1" failures="0" timestamp="26 Sep 2015 03:38:43 GMT" time="5.929" errors="0">
  <testcase name="calculatepercent" time="5.929" classname="seleniumGrid.ParallelTesting"/>
</testsuite> <!-- seleniumGrid.ParallelTesting -->
