<?xml version="1.0" encoding="UTF-8"?>
<!-- Generated by org.testng.reporters.JUnitReportReporter -->
<testsuite hostname="Qaipos2" name="Utilities.ExcelUtils" tests="1" failures="0" timestamp="12 Sep 2015 10:48:22 GMT" time="0.694" errors="0">
  <testcase name="ReadDataFromExcel" time="0.694" classname="Utilities.ExcelUtils"/>
</testsuite> <!-- Utilities.ExcelUtils -->
