<?xml version="1.0" encoding="UTF-8"?>
<!-- Generated by org.testng.reporters.JUnitReportReporter -->
<testsuite hostname="Qaipos2" name="utilities.ExcelUtils" tests="1" failures="0" timestamp="2 Oct 2015 06:18:19 GMT" time="0.697" errors="0">
  <testcase name="ReadDataFromExcel" time="0.697" classname="utilities.ExcelUtils"/>
</testsuite> <!-- utilities.ExcelUtils -->
