<?xml version="1.0" encoding="UTF-8"?>
<!-- Generated by org.testng.reporters.JUnitReportReporter -->
<testsuite hostname="Qaipos2" name="tests.TestCases" tests="2" failures="0" timestamp="30 Sep 2015 09:17:39 GMT" time="53.496" errors="0">
  <testcase name="test1" time="48.798" classname="tests.TestCases"/>
  <testcase name="test2" time="4.698" classname="tests.TestCases"/>
</testsuite> <!-- tests.TestCases -->
