<?xml version="1.0" encoding="UTF-8"?>
<!-- Generated by org.testng.reporters.JUnitReportReporter -->
<testsuite hostname="Qaipos2" name="tests.TestCases" tests="2" failures="0" timestamp="20 Oct 2015 22:55:03 GMT" time="28.015" errors="0">
  <testcase name="test2" time="12.590" classname="tests.TestCases"/>
  <testcase name="test1" time="15.425" classname="tests.TestCases"/>
</testsuite> <!-- tests.TestCases -->
