<?xml version="1.0" encoding="UTF-8"?>
<!-- Generated by org.testng.reporters.JUnitReportReporter -->
<testsuite hostname="Qaipos2" name="selendroid.MobileWebTest" tests="1" failures="0" timestamp="8 Oct 2015 05:02:50 GMT" time="103.795" errors="0">
  <testcase name="shouldSearchWithEbay" time="103.795" classname="selendroid.MobileWebTest"/>
</testsuite> <!-- selendroid.MobileWebTest -->
