<?xml version="1.0" encoding="UTF-8"?>
<!-- Generated by org.testng.reporters.JUnitReportReporter -->
<testsuite hostname="Qaipos2" name="seleniumGrid.ParallelTesting" tests="2" failures="0" timestamp="30 Sep 2015 13:07:14 GMT" time="13.017" errors="0">
  <testcase name="calculatepercent" time="6.309" classname="seleniumGrid.ParallelTesting"/>
  <testcase name="calculatepercent" time="6.708" classname="seleniumGrid.ParallelTesting"/>
</testsuite> <!-- seleniumGrid.ParallelTesting -->
