<?xml version="1.0" encoding="UTF-8"?>
<!-- Generated by org.testng.reporters.JUnitReportReporter -->
<testsuite hostname="Qaipos2" name="seleniumGrid1.ParallelTesting" tests="2" failures="0" timestamp="2 Oct 2015 03:51:15 GMT" time="14.704" errors="0">
  <testcase name="calculatepercent" time="9.308" classname="seleniumGrid1.ParallelTesting"/>
  <testcase name="calculatepercent" time="5.396" classname="seleniumGrid1.ParallelTesting"/>
</testsuite> <!-- seleniumGrid1.ParallelTesting -->
