<?xml version="1.0" encoding="UTF-8"?>
<!-- Generated by org.testng.reporters.JUnitReportReporter -->
<testsuite hostname="Qaipos2" name="tests.TestCases" tests="2" failures="0" timestamp="30 Sep 2015 12:13:52 GMT" time="8.638" errors="0">
  <testcase name="test2" time="4.129" classname="tests.TestCases"/>
  <testcase name="test1" time="4.509" classname="tests.TestCases"/>
</testsuite> <!-- tests.TestCases -->
