<?xml version="1.0" encoding="UTF-8"?>
<!-- Generated by org.testng.reporters.JUnitReportReporter -->
<testsuite hostname="Qaipos2" name="tests.TestCases" tests="1" failures="0" timestamp="2 Oct 2015 01:34:33 GMT" time="0.041" errors="0">
  <testcase name="test1" time="0.041" classname="tests.TestCases"/>
</testsuite> <!-- tests.TestCases -->
