<?xml version="1.0" encoding="UTF-8"?>
<!-- Generated by org.testng.reporters.JUnitReportReporter -->
<testsuite hostname="Qaipos2" name="tests.TestCases" tests="1" failures="0" timestamp="1 Oct 2015 22:41:42 GMT" time="0.023" errors="0">
  <testcase name="test1" time="0.023" classname="tests.TestCases"/>
</testsuite> <!-- tests.TestCases -->
