<?xml version="1.0" encoding="UTF-8"?>
<!-- Generated by org.testng.reporters.JUnitReportReporter -->
<testsuite hostname="Qaipos2" name="tests.TestCases" tests="2" failures="0" timestamp="2 Oct 2015 01:38:06 GMT" time="55.852" errors="0">
  <testcase name="test2" time="6.113" classname="tests.TestCases"/>
  <testcase name="test1" time="49.739" classname="tests.TestCases"/>
</testsuite> <!-- tests.TestCases -->
